21:15:04 INFO  : Registering command handlers for SDK TCF services
21:15:04 INFO  : Launching XSCT server: xsct.bat -interactive D:\Shared\USN_study\HW_SW_CO_Design\ABC\Group_2\Software\temp_xsdb_launch_script.tcl
21:15:06 INFO  : XSCT server has started successfully.
21:15:06 INFO  : Successfully done setting XSCT server connection channel  
21:15:08 INFO  : Successfully done setting SDK workspace  
21:15:08 INFO  : Processing command line option -hwspec D:/Shared/USN_study/HW_SW_CO_Design/ABC/Group_2/Software/ABC_wrapper.hdf.
21:17:02 INFO  : Connected to target on host '127.0.0.1' and port '3121'.
21:17:02 INFO  : 'targets -set -filter {jtag_cable_name =~ "Digilent Basys3 210183A4E127A" && level==0} -index 0' command is executed.
21:17:03 INFO  : FPGA configured successfully with bitstream "D:/Shared/USN_study/HW_SW_CO_Design/ABC/Group_2/Software/ABC_wrapper_hw_platform_0/download.bit"
21:17:13 INFO  : 'targets -set -filter {jtag_cable_name =~ "Digilent Basys3 210183A4E127A" && level==0} -index 0' command is executed.
21:17:13 INFO  : 'fpga -state' command is executed.
21:17:13 INFO  : Connected to target on host '127.0.0.1' and port '3121'.
21:17:13 INFO  : Jtag cable 'Digilent Basys3 210183A4E127A' is selected.
21:17:13 INFO  : 'jtag frequency' command is executed.
21:17:13 INFO  : 'configparams mdm-detect-bscan-mask 2' command is executed.
21:17:13 INFO  : Context for processor 'microblaze_0' is selected.
21:17:13 INFO  : Processor reset is completed for 'microblaze_0'.
21:17:13 INFO  : Context for processor 'microblaze_0' is selected.
21:17:13 INFO  : The application 'D:/Shared/USN_study/HW_SW_CO_Design/ABC/Group_2/Software/Helloworld/Debug/Helloworld.elf' is downloaded to processor 'microblaze_0'.
21:17:13 INFO  : ----------------XSDB Script----------------
connect -url tcp:127.0.0.1:3121
configparams mdm-detect-bscan-mask 2
targets -set -nocase -filter {name =~ "microblaze*#0" && bscan=="USER2"  && jtag_cable_name =~ "Digilent Basys3 210183A4E127A"} -index 0
rst -processor
targets -set -nocase -filter {name =~ "microblaze*#0" && bscan=="USER2"  && jtag_cable_name =~ "Digilent Basys3 210183A4E127A"} -index 0
dow D:/Shared/USN_study/HW_SW_CO_Design/ABC/Group_2/Software/Helloworld/Debug/Helloworld.elf
----------------End of Script----------------

21:17:13 INFO  : Memory regions updated for context PA
21:17:13 INFO  : Memory regions updated for context MicroBlaze Debug Module at USER2
21:17:13 INFO  : Context for processor 'microblaze_0' is selected.
21:17:13 INFO  : 'con' command is executed.
21:17:13 INFO  : ----------------XSDB Script (After Launch)----------------
targets -set -nocase -filter {name =~ "microblaze*#0" && bscan=="USER2"  && jtag_cable_name =~ "Digilent Basys3 210183A4E127A"} -index 0
con
----------------End of Script----------------

21:17:13 INFO  : Launch script is exported to file 'D:\Shared\USN_study\HW_SW_CO_Design\ABC\Group_2\Software\.sdk\launch_scripts\xilinx_c-c++_application_(system_debugger)\system_debugger_using_debug_helloworld.elf_on_local.tcl'
21:37:42 INFO  : Disconnected from the channel tcfchan#1.
21:37:43 INFO  : 'targets -set -filter {jtag_cable_name =~ "Digilent Basys3 210183A4E127A" && level==0} -index 0' command is executed.
21:37:43 INFO  : 'fpga -state' command is executed.
21:37:43 INFO  : Connected to target on host '127.0.0.1' and port '3121'.
21:37:43 INFO  : Jtag cable 'Digilent Basys3 210183A4E127A' is selected.
21:37:44 INFO  : 'jtag frequency' command is executed.
21:37:44 INFO  : 'configparams mdm-detect-bscan-mask 2' command is executed.
21:37:44 INFO  : Context for processor 'microblaze_0' is selected.
21:37:44 INFO  : Processor reset is completed for 'microblaze_0'.
21:37:44 INFO  : Context for processor 'microblaze_0' is selected.
21:37:44 INFO  : The application 'D:/Shared/USN_study/HW_SW_CO_Design/ABC/Group_2/Software/Helloworld/Debug/Helloworld.elf' is downloaded to processor 'microblaze_0'.
21:37:44 INFO  : ----------------XSDB Script----------------
connect -url tcp:127.0.0.1:3121
configparams mdm-detect-bscan-mask 2
targets -set -nocase -filter {name =~ "microblaze*#0" && bscan=="USER2"  && jtag_cable_name =~ "Digilent Basys3 210183A4E127A"} -index 0
rst -processor
targets -set -nocase -filter {name =~ "microblaze*#0" && bscan=="USER2"  && jtag_cable_name =~ "Digilent Basys3 210183A4E127A"} -index 0
dow D:/Shared/USN_study/HW_SW_CO_Design/ABC/Group_2/Software/Helloworld/Debug/Helloworld.elf
----------------End of Script----------------

21:37:44 INFO  : Memory regions updated for context PA
21:37:44 INFO  : Memory regions updated for context MicroBlaze Debug Module at USER2
21:37:44 INFO  : Context for processor 'microblaze_0' is selected.
21:37:44 INFO  : 'con' command is executed.
21:37:44 INFO  : ----------------XSDB Script (After Launch)----------------
targets -set -nocase -filter {name =~ "microblaze*#0" && bscan=="USER2"  && jtag_cable_name =~ "Digilent Basys3 210183A4E127A"} -index 0
con
----------------End of Script----------------

21:37:44 INFO  : Launch script is exported to file 'D:\Shared\USN_study\HW_SW_CO_Design\ABC\Group_2\Software\.sdk\launch_scripts\xilinx_c-c++_application_(system_debugger)\system_debugger_using_debug_helloworld.elf_on_local.tcl'
