Copyright 1986-2018 Xilinx, Inc. All Rights Reserved.
--------------------------------------------------------------------------------------------------------------------------------------------------------------------------------------------------------------
| Tool Version : Vivado v.2018.3 (win64) Build 2405991 Thu Dec  6 23:38:27 MST 2018
| Date         : Sat Mar 16 23:30:14 2019
| Host         : 9900K_1080ti running 64-bit major release  (build 9200)
| Command      : report_methodology -file RX_TX_read_write_control_methodology_drc_routed.rpt -pb RX_TX_read_write_control_methodology_drc_routed.pb -rpx RX_TX_read_write_control_methodology_drc_routed.rpx
| Design       : RX_TX_read_write_control
| Device       : xc7a35tcpg236-1
| Speed File   : -1
| Design State : Fully Routed
--------------------------------------------------------------------------------------------------------------------------------------------------------------------------------------------------------------

Report Methodology

Table of Contents
-----------------
1. REPORT SUMMARY
2. REPORT DETAILS

1. REPORT SUMMARY
-----------------
            Netlist: netlist
          Floorplan: design_1
      Design limits: <entire design considered>
             Max violations: <unlimited>
             Violations found: 4
+-----------+----------+--------------------------------------------+------------+
| Rule      | Severity | Description                                | Violations |
+-----------+----------+--------------------------------------------+------------+
| SYNTH-6   | Warning  | Timing of a block RAM might be sub-optimal | 2          |
| TIMING-18 | Warning  | Missing input or output delay              | 2          |
+-----------+----------+--------------------------------------------+------------+

2. REPORT DETAILS
-----------------
SYNTH-6#1 Warning
Timing of a block RAM might be sub-optimal  
The timing for the instance memory_controling/Data_handling/Ram_reg_0, implemented as a block RAM, might be sub-optimal as no output register was merged into the block
Related violations: <none>

SYNTH-6#2 Warning
Timing of a block RAM might be sub-optimal  
The timing for the instance memory_controling/Data_handling/Ram_reg_1, implemented as a block RAM, might be sub-optimal as no output register was merged into the block
Related violations: <none>

TIMING-18#1 Warning
Missing input or output delay  
An input delay is missing on rx relative to clock(s) sys_clk_pin
Related violations: <none>

TIMING-18#2 Warning
Missing input or output delay  
An output delay is missing on tx relative to clock(s) sys_clk_pin
Related violations: <none>


