
*** Running vivado
    with args -log Cheating_dice.vds -m64 -product Vivado -mode batch -messageDb vivado.pb -notrace -source Cheating_dice.tcl


****** Vivado v2018.2 (64-bit)
  **** SW Build 2258646 on Thu Jun 14 20:03:12 MDT 2018
  **** IP Build 2256618 on Thu Jun 14 22:10:49 MDT 2018
    ** Copyright 1986-2018 Xilinx, Inc. All Rights Reserved.

source Cheating_dice.tcl -notrace
Command: synth_design -top Cheating_dice -part xc7z010clg400-1
Starting synth_design
Attempting to get a license for feature 'Synthesis' and/or device 'xc7z010'
INFO: [Common 17-349] Got license for feature 'Synthesis' and/or device 'xc7z010'
INFO: Launching helper process for spawning children vivado processes
INFO: Helper process launched with PID 8968 
---------------------------------------------------------------------------------
Starting RTL Elaboration : Time (s): cpu = 00:00:03 ; elapsed = 00:00:03 . Memory (MB): peak = 373.945 ; gain = 98.152
---------------------------------------------------------------------------------
INFO: [Synth 8-638] synthesizing module 'Cheating_dice' [D:/USN_Study/HW_SW_CO_Design/VHDL/Cheating_dice/FSM/project_1/project_1.srcs/sources_1/new/Cheating_dice.vhd:44]
	Parameter Base_time bound to: 675000 - type: integer 
WARNING: [Synth 8-614] signal 'Cheat_Enabled' is read in the process but is not in the sensitivity list [D:/USN_Study/HW_SW_CO_Design/VHDL/Cheating_dice/FSM/project_1/project_1.srcs/sources_1/new/Cheating_dice.vhd:86]
WARNING: [Synth 8-614] signal 'dice_Cheat' is read in the process but is not in the sensitivity list [D:/USN_Study/HW_SW_CO_Design/VHDL/Cheating_dice/FSM/project_1/project_1.srcs/sources_1/new/Cheating_dice.vhd:140]
	Parameter Base_time bound to: 675000 - type: integer 
INFO: [Synth 8-3491] module 'Generate_dice' declared at 'D:/USN_Study/HW_SW_CO_Design/VHDL/Cheating_dice/FSM/project_1/project_1.srcs/sources_1/new/Generate_dice.vhd:34' bound to instance 'Gen_dice' of component 'Generate_dice' [D:/USN_Study/HW_SW_CO_Design/VHDL/Cheating_dice/FSM/project_1/project_1.srcs/sources_1/new/Cheating_dice.vhd:170]
INFO: [Synth 8-638] synthesizing module 'Generate_dice' [D:/USN_Study/HW_SW_CO_Design/VHDL/Cheating_dice/FSM/project_1/project_1.srcs/sources_1/new/Generate_dice.vhd:41]
	Parameter Base_time bound to: 675000 - type: integer 
INFO: [Synth 8-256] done synthesizing module 'Generate_dice' (1#1) [D:/USN_Study/HW_SW_CO_Design/VHDL/Cheating_dice/FSM/project_1/project_1.srcs/sources_1/new/Generate_dice.vhd:41]
INFO: [Synth 8-256] done synthesizing module 'Cheating_dice' (2#1) [D:/USN_Study/HW_SW_CO_Design/VHDL/Cheating_dice/FSM/project_1/project_1.srcs/sources_1/new/Cheating_dice.vhd:44]
---------------------------------------------------------------------------------
Finished RTL Elaboration : Time (s): cpu = 00:00:04 ; elapsed = 00:00:04 . Memory (MB): peak = 428.988 ; gain = 153.195
---------------------------------------------------------------------------------

Report Check Netlist: 
+------+------------------+-------+---------+-------+------------------+
|      |Item              |Errors |Warnings |Status |Description       |
+------+------------------+-------+---------+-------+------------------+
|1     |multi_driven_nets |      0|        0|Passed |Multi driven nets |
+------+------------------+-------+---------+-------+------------------+
---------------------------------------------------------------------------------
Start Handling Custom Attributes
---------------------------------------------------------------------------------
---------------------------------------------------------------------------------
Finished Handling Custom Attributes : Time (s): cpu = 00:00:04 ; elapsed = 00:00:05 . Memory (MB): peak = 428.988 ; gain = 153.195
---------------------------------------------------------------------------------
---------------------------------------------------------------------------------
Finished RTL Optimization Phase 1 : Time (s): cpu = 00:00:04 ; elapsed = 00:00:05 . Memory (MB): peak = 428.988 ; gain = 153.195
---------------------------------------------------------------------------------
INFO: [Device 21-403] Loading part xc7z010clg400-1
INFO: [Project 1-570] Preparing netlist for logic optimization

Processing XDC Constraints
Initializing timing engine
Parsing XDC File [D:/USN_Study/HW_SW_CO_Design/VHDL/Cheating_dice/FSM/project_1/project_1.srcs/constrs_1/new/Constraint.xdc]
Finished Parsing XDC File [D:/USN_Study/HW_SW_CO_Design/VHDL/Cheating_dice/FSM/project_1/project_1.srcs/constrs_1/new/Constraint.xdc]
INFO: [Project 1-236] Implementation specific constraints were found while reading constraint file [D:/USN_Study/HW_SW_CO_Design/VHDL/Cheating_dice/FSM/project_1/project_1.srcs/constrs_1/new/Constraint.xdc]. These constraints will be ignored for synthesis but will be used in implementation. Impacted constraints are listed in the file [.Xil/Cheating_dice_propImpl.xdc].
Resolution: To avoid this warning, move constraints listed in [.Xil/Cheating_dice_propImpl.xdc] to another XDC file and exclude this new file from synthesis with the used_in_synthesis property (File Properties dialog in GUI) and re-run elaboration/synthesis.
Completed Processing XDC Constraints

INFO: [Project 1-111] Unisim Transformation Summary:
No Unisim elements were transformed.

Constraint Validation Runtime : Time (s): cpu = 00:00:00 ; elapsed = 00:00:00.006 . Memory (MB): peak = 754.699 ; gain = 0.000
---------------------------------------------------------------------------------
Finished Constraint Validation : Time (s): cpu = 00:00:15 ; elapsed = 00:00:20 . Memory (MB): peak = 754.699 ; gain = 478.906
---------------------------------------------------------------------------------
---------------------------------------------------------------------------------
Start Loading Part and Timing Information
---------------------------------------------------------------------------------
Loading part: xc7z010clg400-1
---------------------------------------------------------------------------------
Finished Loading Part and Timing Information : Time (s): cpu = 00:00:15 ; elapsed = 00:00:20 . Memory (MB): peak = 754.699 ; gain = 478.906
---------------------------------------------------------------------------------
---------------------------------------------------------------------------------
Start Applying 'set_property' XDC Constraints
---------------------------------------------------------------------------------
---------------------------------------------------------------------------------
Finished applying 'set_property' XDC Constraints : Time (s): cpu = 00:00:15 ; elapsed = 00:00:20 . Memory (MB): peak = 754.699 ; gain = 478.906
---------------------------------------------------------------------------------
INFO: [Synth 8-802] inferred FSM for state register 'current_state_reg' in module 'Cheating_dice'
INFO: [Synth 8-5545] ROM "Next_state" won't be mapped to RAM because address size (32) is larger than maximum supported(25)
INFO: [Synth 8-5544] ROM "Next_state" won't be mapped to Block RAM because address size (1) smaller than threshold (5)
---------------------------------------------------------------------------------------------------
                   State |                     New Encoding |                Previous Encoding 
---------------------------------------------------------------------------------------------------
                 state_1 |                              000 |                              000
                 state_2 |                              001 |                              001
                 state_3 |                              010 |                              010
                 state_4 |                              011 |                              011
                 state_5 |                              100 |                              100
                 state_6 |                              101 |                              101
           state_cheat_1 |                              110 |                              110
           state_cheat_2 |                              111 |                              111
---------------------------------------------------------------------------------------------------
INFO: [Synth 8-3354] encoded FSM with state register 'current_state_reg' using encoding 'sequential' in module 'Cheating_dice'
---------------------------------------------------------------------------------
Finished RTL Optimization Phase 2 : Time (s): cpu = 00:00:15 ; elapsed = 00:00:20 . Memory (MB): peak = 754.699 ; gain = 478.906
---------------------------------------------------------------------------------

Report RTL Partitions: 
+-+--------------+------------+----------+
| |RTL Partition |Replication |Instances |
+-+--------------+------------+----------+
+-+--------------+------------+----------+
---------------------------------------------------------------------------------
Start RTL Component Statistics 
---------------------------------------------------------------------------------
Detailed RTL Component Info : 
+---Adders : 
	   2 Input      3 Bit       Adders := 1     
	   2 Input      2 Bit       Adders := 1     
+---Registers : 
	                2 Bit    Registers := 1     
+---Muxes : 
	   6 Input      6 Bit        Muxes := 2     
	   8 Input      6 Bit        Muxes := 1     
	   8 Input      3 Bit        Muxes := 2     
	   2 Input      3 Bit        Muxes := 2     
	   2 Input      1 Bit        Muxes := 1     
---------------------------------------------------------------------------------
Finished RTL Component Statistics 
---------------------------------------------------------------------------------
---------------------------------------------------------------------------------
Start RTL Hierarchical Component Statistics 
---------------------------------------------------------------------------------
Hierarchical RTL Component report 
Module Cheating_dice 
Detailed RTL Component Info : 
+---Muxes : 
	   8 Input      3 Bit        Muxes := 2     
	   2 Input      3 Bit        Muxes := 2     
	   2 Input      1 Bit        Muxes := 1     
Module Generate_dice 
Detailed RTL Component Info : 
+---Adders : 
	   2 Input      3 Bit       Adders := 1     
	   2 Input      2 Bit       Adders := 1     
+---Registers : 
	                2 Bit    Registers := 1     
+---Muxes : 
	   6 Input      6 Bit        Muxes := 2     
	   8 Input      6 Bit        Muxes := 1     
---------------------------------------------------------------------------------
Finished RTL Hierarchical Component Statistics
---------------------------------------------------------------------------------
---------------------------------------------------------------------------------
Start Part Resource Summary
---------------------------------------------------------------------------------
Part Resources:
DSPs: 80 (col length:40)
BRAMs: 120 (col length: RAMB18 40 RAMB36 20)
---------------------------------------------------------------------------------
Finished Part Resource Summary
---------------------------------------------------------------------------------
---------------------------------------------------------------------------------
Start Cross Boundary and Area Optimization
---------------------------------------------------------------------------------
Warning: Parallel synthesis criteria is not met 
INFO: [Synth 8-5545] ROM "Next_state" won't be mapped to RAM because address size (32) is larger than maximum supported(25)
---------------------------------------------------------------------------------
Finished Cross Boundary and Area Optimization : Time (s): cpu = 00:00:17 ; elapsed = 00:00:21 . Memory (MB): peak = 754.699 ; gain = 478.906
---------------------------------------------------------------------------------

Report RTL Partitions: 
+-+--------------+------------+----------+
| |RTL Partition |Replication |Instances |
+-+--------------+------------+----------+
+-+--------------+------------+----------+
---------------------------------------------------------------------------------
Start Applying XDC Timing Constraints
---------------------------------------------------------------------------------
---------------------------------------------------------------------------------
Finished Applying XDC Timing Constraints : Time (s): cpu = 00:00:27 ; elapsed = 00:00:34 . Memory (MB): peak = 761.531 ; gain = 485.738
---------------------------------------------------------------------------------
---------------------------------------------------------------------------------
Start Timing Optimization
---------------------------------------------------------------------------------
---------------------------------------------------------------------------------
Finished Timing Optimization : Time (s): cpu = 00:00:28 ; elapsed = 00:00:34 . Memory (MB): peak = 782.281 ; gain = 506.488
---------------------------------------------------------------------------------

Report RTL Partitions: 
+-+--------------+------------+----------+
| |RTL Partition |Replication |Instances |
+-+--------------+------------+----------+
+-+--------------+------------+----------+
---------------------------------------------------------------------------------
Start Technology Mapping
---------------------------------------------------------------------------------
---------------------------------------------------------------------------------
Finished Technology Mapping : Time (s): cpu = 00:00:28 ; elapsed = 00:00:34 . Memory (MB): peak = 782.281 ; gain = 506.488
---------------------------------------------------------------------------------

Report RTL Partitions: 
+-+--------------+------------+----------+
| |RTL Partition |Replication |Instances |
+-+--------------+------------+----------+
+-+--------------+------------+----------+
---------------------------------------------------------------------------------
Start IO Insertion
---------------------------------------------------------------------------------
---------------------------------------------------------------------------------
Start Flattening Before IO Insertion
---------------------------------------------------------------------------------
---------------------------------------------------------------------------------
Finished Flattening Before IO Insertion
---------------------------------------------------------------------------------
---------------------------------------------------------------------------------
Start Final Netlist Cleanup
---------------------------------------------------------------------------------
---------------------------------------------------------------------------------
Finished Final Netlist Cleanup
---------------------------------------------------------------------------------
---------------------------------------------------------------------------------
Finished IO Insertion : Time (s): cpu = 00:00:29 ; elapsed = 00:00:35 . Memory (MB): peak = 782.281 ; gain = 506.488
---------------------------------------------------------------------------------

Report Check Netlist: 
+------+------------------+-------+---------+-------+------------------+
|      |Item              |Errors |Warnings |Status |Description       |
+------+------------------+-------+---------+-------+------------------+
|1     |multi_driven_nets |      0|        0|Passed |Multi driven nets |
+------+------------------+-------+---------+-------+------------------+
---------------------------------------------------------------------------------
Start Renaming Generated Instances
---------------------------------------------------------------------------------
---------------------------------------------------------------------------------
Finished Renaming Generated Instances : Time (s): cpu = 00:00:29 ; elapsed = 00:00:35 . Memory (MB): peak = 782.281 ; gain = 506.488
---------------------------------------------------------------------------------

Report RTL Partitions: 
+-+--------------+------------+----------+
| |RTL Partition |Replication |Instances |
+-+--------------+------------+----------+
+-+--------------+------------+----------+
---------------------------------------------------------------------------------
Start Rebuilding User Hierarchy
---------------------------------------------------------------------------------
---------------------------------------------------------------------------------
Finished Rebuilding User Hierarchy : Time (s): cpu = 00:00:29 ; elapsed = 00:00:35 . Memory (MB): peak = 782.281 ; gain = 506.488
---------------------------------------------------------------------------------
---------------------------------------------------------------------------------
Start Renaming Generated Ports
---------------------------------------------------------------------------------
---------------------------------------------------------------------------------
Finished Renaming Generated Ports : Time (s): cpu = 00:00:29 ; elapsed = 00:00:35 . Memory (MB): peak = 782.281 ; gain = 506.488
---------------------------------------------------------------------------------
---------------------------------------------------------------------------------
Start Handling Custom Attributes
---------------------------------------------------------------------------------
---------------------------------------------------------------------------------
Finished Handling Custom Attributes : Time (s): cpu = 00:00:29 ; elapsed = 00:00:35 . Memory (MB): peak = 782.281 ; gain = 506.488
---------------------------------------------------------------------------------
---------------------------------------------------------------------------------
Start Renaming Generated Nets
---------------------------------------------------------------------------------
---------------------------------------------------------------------------------
Finished Renaming Generated Nets : Time (s): cpu = 00:00:29 ; elapsed = 00:00:35 . Memory (MB): peak = 782.281 ; gain = 506.488
---------------------------------------------------------------------------------
---------------------------------------------------------------------------------
Start Writing Synthesis Report
---------------------------------------------------------------------------------

Report BlackBoxes: 
+-+--------------+----------+
| |BlackBox name |Instances |
+-+--------------+----------+
+-+--------------+----------+

Report Cell Usage: 
+------+-------+------+
|      |Cell   |Count |
+------+-------+------+
|1     |BUFG   |     1|
|2     |CARRY4 |    24|
|3     |LUT1   |     8|
|4     |LUT2   |    41|
|5     |LUT3   |     4|
|6     |LUT4   |     3|
|7     |LUT5   |     7|
|8     |LUT6   |    10|
|9     |FDRE   |    69|
|10    |IBUF   |     6|
|11    |OBUF   |    12|
+------+-------+------+

Report Instance Areas: 
+------+-----------+--------------+------+
|      |Instance   |Module        |Cells |
+------+-----------+--------------+------+
|1     |top        |              |   185|
|2     |  Gen_dice |Generate_dice |    77|
+------+-----------+--------------+------+
---------------------------------------------------------------------------------
Finished Writing Synthesis Report : Time (s): cpu = 00:00:29 ; elapsed = 00:00:35 . Memory (MB): peak = 782.281 ; gain = 506.488
---------------------------------------------------------------------------------
Synthesis finished with 0 errors, 0 critical warnings and 0 warnings.
Synthesis Optimization Runtime : Time (s): cpu = 00:00:17 ; elapsed = 00:00:24 . Memory (MB): peak = 782.281 ; gain = 180.777
Synthesis Optimization Complete : Time (s): cpu = 00:00:29 ; elapsed = 00:00:36 . Memory (MB): peak = 782.281 ; gain = 506.488
INFO: [Project 1-571] Translating synthesized netlist
INFO: [Netlist 29-17] Analyzing 30 Unisim elements for replacement
INFO: [Netlist 29-28] Unisim Transformation completed in 0 CPU seconds
INFO: [Project 1-570] Preparing netlist for logic optimization
INFO: [Opt 31-138] Pushed 0 inverter(s) to 0 load pin(s).
INFO: [Project 1-111] Unisim Transformation Summary:
No Unisim elements were transformed.

INFO: [Common 17-83] Releasing license: Synthesis
22 Infos, 2 Warnings, 0 Critical Warnings and 0 Errors encountered.
synth_design completed successfully
synth_design: Time (s): cpu = 00:00:30 ; elapsed = 00:00:38 . Memory (MB): peak = 784.684 ; gain = 521.461
WARNING: [Constraints 18-5210] No constraint will be written out.
INFO: [Common 17-1381] The checkpoint 'D:/USN_Study/HW_SW_CO_Design/VHDL/Cheating_dice/FSM/project_1/project_1.runs/synth_1/Cheating_dice.dcp' has been generated.
INFO: [runtcl-4] Executing : report_utilization -file Cheating_dice_utilization_synth.rpt -pb Cheating_dice_utilization_synth.pb
report_utilization: Time (s): cpu = 00:00:00 ; elapsed = 00:00:00.034 . Memory (MB): peak = 784.684 ; gain = 0.000
INFO: [Common 17-206] Exiting Vivado at Thu Jan 17 11:15:57 2019...
