Copyright 1986-2018 Xilinx, Inc. All Rights Reserved.
------------------------------------------------------------------------------------------
| Tool Version : Vivado v.2018.3 (win64) Build 2405991 Thu Dec  6 23:38:27 MST 2018
| Date         : Tue Jan 15 22:03:41 2019
| Host         : 9900K_1080ti running 64-bit major release  (build 9200)
| Command      : report_control_sets -verbose -file Cheating_dice_control_sets_placed.rpt
| Design       : Cheating_dice
| Device       : xc7z010
------------------------------------------------------------------------------------------

Control Set Information

Table of Contents
-----------------
1. Summary
2. Histogram
3. Flip-Flop Distribution
4. Detailed Control Set Information

1. Summary
----------

+----------------------------------------------------------+-------+
|                          Status                          | Count |
+----------------------------------------------------------+-------+
| Number of unique control sets                            |     3 |
| Unused register locations in slices containing registers |     3 |
+----------------------------------------------------------+-------+


2. Histogram
------------

+--------+--------------+
| Fanout | Control Sets |
+--------+--------------+
|      5 |            1 |
|    16+ |            2 |
+--------+--------------+


3. Flip-Flop Distribution
-------------------------

+--------------+-----------------------+------------------------+-----------------+--------------+
| Clock Enable | Synchronous Set/Reset | Asynchronous Set/Reset | Total Registers | Total Slices |
+--------------+-----------------------+------------------------+-----------------+--------------+
| No           | No                    | No                     |               5 |            3 |
| No           | No                    | Yes                    |               0 |            0 |
| No           | Yes                   | No                     |              32 |            8 |
| Yes          | No                    | No                     |               0 |            0 |
| Yes          | No                    | Yes                    |               0 |            0 |
| Yes          | Yes                   | No                     |              32 |            8 |
+--------------+-----------------------+------------------------+-----------------+--------------+


4. Detailed Control Set Information
-----------------------------------

+----------------+---------------+-----------------------------------+------------------+----------------+
|  Clock Signal  | Enable Signal |          Set/Reset Signal         | Slice Load Count | Bel Load Count |
+----------------+---------------+-----------------------------------+------------------+----------------+
|  clk_IBUF_BUFG |               |                                   |                3 |              5 |
|  clk_IBUF_BUFG |               | Gen_dice/CLKcounter1_carry__2_n_4 |                8 |             32 |
|  clk_IBUF_BUFG | btn_IBUF      | time_counter                      |                8 |             32 |
+----------------+---------------+-----------------------------------+------------------+----------------+


